FORM-TO-RELATION	I	named
FORM-TO-RELATION	saw	_saw_n_1
FORM-TO-RELATION	saw	_saw_v_1
FORM-TO-RELATION	saw	_see_v_around
FORM-TO-RELATION	saw	_see_v_as
FORM-TO-RELATION	saw	_see_v_1
FORM-TO-RELATION	saw	_see_n_1
FORM-TO-RELATION	saw	_see_v_through
FORM-TO-RELATION	saw	_see_v_to
FORM-TO-RELATION	saw	_see_v_1
FORM-TO-RELATION	saw	_see_v_1
FORM-TO-RELATION	saw	_see_v_1
FORM-TO-RELATION	saw	_see_v_1
FORM-TO-RELATION	saw	_see_v_as
FORM-TO-RELATION	saw	_see_v_to
FORM-TO-RELATION	saw	_see_v_1
FORM-TO-RELATION	saw	_see_v_1
FORM-TO-RELATION	saw	_see_v_about
FORM-TO-RELATION	a	_a_p_per
FORM-TO-RELATION	a	some_q
FORM-TO-RELATION	a	named
FORM-TO-RELATION	a	_a_p_per
FORM-TO-RELATION	a	card
FORM-TO-RELATION	a	card
FORM-TO-RELATION	a	_a_q
FORM-TO-RELATION	a	_a_q
FORM-TO-RELATION	a	_a_q
FORM-TO-RELATION	girl.	_girl_n_1
FORM-TO-RELATION	saw	_saw/VBD_u_unknown
FORM-TO-RELATION	saw	_saw/VBD_u_unknown
FORM-TO-RELATION	girl.	_girl/NN_u_unknown
FORM-TO-RELATION	girl.	_girl/NN_u_unknown
FORM-TO-RELATION	i	named
FORM-TO-RELATION	i	_I_n_num
FORM-TO-RELATION	i	pron
SENT: I saw a girl.
[ LTOP: h0 INDEX: e2
[ e SF: prop TENSE: past MOOD: indicative PROG: - PERF: - ]
RELS: < [ pron<0:1> LBL: h4 ARG0: x3 [ x PERS: 1 NUM: sg PT: std ] ]
[ pronoun_q<0:1> LBL: h5 ARG0: x3 RSTR: h6 BODY: h7 ]
[ _see_v_1<2:5> LBL: h1 ARG0: e2 ARG1: x3 ARG2: x8 [ x PERS: 3 NUM: sg IND: + ] ]
[ _a_q<6:7> LBL: h9 ARG0: x8 RSTR: h10 BODY: h11 ]
[ _girl_n_1<8:13> LBL: h12 ARG0: x8 ] >
HCONS: < h0 qeq h1 h6 qeq h4 h10 qeq h12 > ]


