FORM-TO-RELATION	came	_come_v_out
FORM-TO-RELATION	came	_come_v_over
FORM-TO-RELATION	came	_come_p_temp
FORM-TO-RELATION	came	_come_v_through
FORM-TO-RELATION	came	_come_v_together
FORM-TO-RELATION	came	_come_v_up
FORM-TO-RELATION	came	_come_v_up
FORM-TO-RELATION	came	_come_v_1
FORM-TO-RELATION	came	_come_v_1
FORM-TO-RELATION	came	_come_v_1
FORM-TO-RELATION	came	_come_v_out
FORM-TO-RELATION	came	_come_v_on
FORM-TO-RELATION	came	_come_v_of
FORM-TO-RELATION	came	_come_v_i
FORM-TO-RELATION	came	_come_v_in
FORM-TO-RELATION	came	_come_v_1
FORM-TO-RELATION	came	_come_v_back
FORM-TO-RELATION	came	_come_v_back
FORM-TO-RELATION	came	_come_v_around
FORM-TO-RELATION	came	_come_v_along
FORM-TO-RELATION	came	_come_v_along
FORM-TO-RELATION	came	_come_v_across
FORM-TO-RELATION	came	_come_v_across
FORM-TO-RELATION	came	_come_v_across
FORM-TO-RELATION	came	_come_v_about
FORM-TO-RELATION	in	_in_p_temp
FORM-TO-RELATION	in	_in_p_sel
FORM-TO-RELATION	in	_in_p
FORM-TO-RELATION	in	_in_p_dir
FORM-TO-RELATION	in	_in_p
FORM-TO-RELATION	in	named
FORM-TO-RELATION	the	_the_q
FORM-TO-RELATION	morning.	_morning_n_of
FORM-TO-RELATION	morning.	_morning_n_of
FORM-TO-RELATION	morning.	_morning_n_of
FORM-TO-RELATION	morning.	_morning_n_1
FORM-TO-RELATION	came	_came/VBD_u_unknown
FORM-TO-RELATION	came	_came/VBD_u_unknown
FORM-TO-RELATION	morning.	_morning/NN_u_unknown
FORM-TO-RELATION	morning.	_morning/NN_u_unknown
FORM-TO-RELATION	morning.	_morning/NN_u_unknown
FORM-TO-RELATION	morning.	_morning/NN_u_unknown
FORM-TO-RELATION	he	pron
SENT: He came in the morning.
[ LTOP: h0 INDEX: e2
[ e SF: prop TENSE: past MOOD: indicative PROG: - PERF: - ]
RELS: < [ pron<0:2> LBL: h4 ARG0: x3 [ x PERS: 3 NUM: sg GEND: m PT: std ] ]
[ pronoun_q<0:2> LBL: h5 ARG0: x3 RSTR: h6 BODY: h7 ]
[ _come_v_1<3:7> LBL: h1 ARG0: e2 ARG1: x3 ]
[ _in_p_temp<8:10> LBL: h1 ARG0: e8 [ e SF: prop TENSE: untensed MOOD: indicative PROG: - PERF: - ] ARG1: e2 ARG2: x9 [ x PERS: 3 NUM: sg GEND: n ] ]
[ _the_q<11:14> LBL: h10 ARG0: x9 RSTR: h11 BODY: h12 ]
[ _morning_n_of<15:23> LBL: h13 ARG0: x9 ] >
HCONS: < h0 qeq h1 h6 qeq h4 h11 qeq h13 > ]
[ LTOP: h0 INDEX: e2
[ e SF: prop TENSE: past MOOD: indicative PROG: - PERF: - ]
RELS: < [ pron<0:2> LBL: h4 ARG0: x3 [ x PERS: 3 NUM: sg GEND: m PT: std ] ]
[ pronoun_q<0:2> LBL: h5 ARG0: x3 RSTR: h6 BODY: h7 ]
[ _come_v_1<3:7> LBL: h1 ARG0: e2 ARG1: x3 ]
[ _in_p_temp<8:10> LBL: h1 ARG0: e8 [ e SF: prop TENSE: untensed MOOD: indicative PROG: - PERF: - ] ARG1: e2 ARG2: x9 [ x PERS: 3 NUM: sg GEND: n ] ]
[ _the_q<11:14> LBL: h10 ARG0: x9 RSTR: h11 BODY: h12 ]
[ _morning_n_of<15:23> LBL: h13 ARG0: x9 ] >
HCONS: < h0 qeq h1 h6 qeq h4 h11 qeq h13 > ]


